  [1m[36m (236.4ms)[0m  [1mCREATE TABLE `schema_migrations` (`version` varchar(255) NOT NULL) ENGINE=InnoDB[0m
  [1m[35m (565.1ms)[0m  CREATE UNIQUE INDEX `unique_schema_migrations` ON `schema_migrations` (`version`) 
  [1m[36mActiveRecord::SchemaMigration Load (0.3ms)[0m  [1mSELECT `schema_migrations`.* FROM `schema_migrations`[0m
Migrating to CreateStudents (20140709080508)
  [1m[35m (178.0ms)[0m  CREATE TABLE `students` (`id` int(11) DEFAULT NULL auto_increment PRIMARY KEY, `sname` varchar(255), `smarks` int(11), `created_at` datetime, `updated_at` datetime) ENGINE=InnoDB
  [1m[36m (0.2ms)[0m  [1mBEGIN[0m
  [1m[35mSQL (0.2ms)[0m  INSERT INTO `schema_migrations` (`version`) VALUES ('20140709080508')
  [1m[36m (40.7ms)[0m  [1mCOMMIT[0m
Migrating to CreateCollages (20140709080706)
  [1m[35m (165.3ms)[0m  CREATE TABLE `collages` (`id` int(11) DEFAULT NULL auto_increment PRIMARY KEY, `cname` varchar(255), `branch` varchar(255), `exam` varchar(255), `created_at` datetime, `updated_at` datetime) ENGINE=InnoDB
  [1m[36m (0.1ms)[0m  [1mBEGIN[0m
  [1m[35mSQL (0.3ms)[0m  INSERT INTO `schema_migrations` (`version`) VALUES ('20140709080706')
  [1m[36m (29.5ms)[0m  [1mCOMMIT[0m
Migrating to AddDobToStudents (20140709083304)
  [1m[35m (249.3ms)[0m  ALTER TABLE `students` ADD `sdob` int(11)
  [1m[36m (0.2ms)[0m  [1mBEGIN[0m
  [1m[35mSQL (0.3ms)[0m  INSERT INTO `schema_migrations` (`version`) VALUES ('20140709083304')
  [1m[36m (28.9ms)[0m  [1mCOMMIT[0m
  [1m[35mActiveRecord::SchemaMigration Load (0.3ms)[0m  SELECT `schema_migrations`.* FROM `schema_migrations`
  [1m[36mCollage Load (0.4ms)[0m  [1mSELECT `collages`.* FROM `collages` ORDER BY `collages`.`id` ASC LIMIT 1[0m
  [1m[35m (0.2ms)[0m  BEGIN
  [1m[36mSQL (0.4ms)[0m  [1mINSERT INTO `collages` (`branch`, `cname`, `created_at`, `exam`, `updated_at`) VALUES ('mac', 'rise', '2014-07-09 09:17:15', 'sem', '2014-07-09 09:17:15')[0m
  [1m[35m (81.4ms)[0m  COMMIT
  [1m[36m (0.2ms)[0m  [1mBEGIN[0m
  [1m[35mSQL (0.3ms)[0m  INSERT INTO `collages` (`branch`, `cname`, `created_at`, `exam`, `updated_at`) VALUES ('mac', 'rise', '2014-07-09 09:17:16', 'sem', '2014-07-09 09:17:16')
  [1m[36m (119.9ms)[0m  [1mCOMMIT[0m
  [1m[35m (0.2ms)[0m  BEGIN
  [1m[36mSQL (0.3ms)[0m  [1mINSERT INTO `collages` (`branch`, `cname`, `created_at`, `exam`, `updated_at`) VALUES ('mac', 'rise', '2014-07-09 09:17:17', 'sem', '2014-07-09 09:17:17')[0m
  [1m[35m (95.8ms)[0m  COMMIT
  [1m[36m (0.2ms)[0m  [1mBEGIN[0m
  [1m[35mSQL (0.3ms)[0m  INSERT INTO `collages` (`branch`, `cname`, `created_at`, `exam`, `updated_at`) VALUES ('mac', 'rise', '2014-07-09 09:17:18', 'sem', '2014-07-09 09:17:18')
  [1m[36m (90.0ms)[0m  [1mCOMMIT[0m
  [1m[35mCollage Load (0.6ms)[0m  SELECT `collages`.* FROM `collages` ORDER BY `collages`.`id` ASC LIMIT 1
  [1m[36mStudent Load (14.0ms)[0m  [1mSELECT `students`.* FROM `students` WHERE `students`.`collage_id` = 1[0m
Mysql2::Error: Unknown column 'students.collage_id' in 'where clause': SELECT `students`.* FROM `students`  WHERE `students`.`collage_id` = 1
  [1m[36mActiveRecord::SchemaMigration Load (0.1ms)[0m  [1mSELECT `schema_migrations`.* FROM `schema_migrations`[0m
Migrating to AddCollageIdToStudents (20140709092248)
  [1m[35m (347.9ms)[0m  ALTER TABLE `students` ADD `collage_id` int(11)
  [1m[36m (0.2ms)[0m  [1mBEGIN[0m
  [1m[35mSQL (0.3ms)[0m  INSERT INTO `schema_migrations` (`version`) VALUES ('20140709092248')
  [1m[36m (34.6ms)[0m  [1mCOMMIT[0m
  [1m[35mActiveRecord::SchemaMigration Load (0.3ms)[0m  SELECT `schema_migrations`.* FROM `schema_migrations`
  [1m[36mCollage Load (0.5ms)[0m  [1mSELECT `collages`.* FROM `collages`[0m
  [1m[36m (0.4ms)[0m  [1mBEGIN[0m
  [1m[35mSQL (0.5ms)[0m  INSERT INTO `students` (`created_at`, `sdob`, `smarks`, `sname`, `updated_at`) VALUES ('2014-07-09 09:29:20', 210331, 100, 'Anil', '2014-07-09 09:29:20')
  [1m[36m (87.2ms)[0m  [1mCOMMIT[0m
  [1m[35mStudent Load (0.5ms)[0m  SELECT `students`.* FROM `students`
  [1m[36m (0.3ms)[0m  [1mBEGIN[0m
  [1m[35mSQL (0.4ms)[0m  INSERT INTO `students` (`created_at`, `sdob`, `smarks`, `sname`, `updated_at`) VALUES ('2014-07-09 09:31:58', 210331, 100, 'Anil', '2014-07-09 09:31:58')
  [1m[36m (88.7ms)[0m  [1mCOMMIT[0m
  [1m[35m (0.2ms)[0m  BEGIN
  [1m[36mSQL (0.3ms)[0m  [1mINSERT INTO `students` (`created_at`, `sdob`, `smarks`, `sname`, `updated_at`) VALUES ('2014-07-09 09:32:00', 210331, 100, 'Anil', '2014-07-09 09:32:00')[0m
  [1m[35m (96.2ms)[0m  COMMIT
  [1m[36m (0.3ms)[0m  [1mBEGIN[0m
  [1m[35mSQL (0.4ms)[0m  INSERT INTO `students` (`created_at`, `sdob`, `smarks`, `sname`, `updated_at`) VALUES ('2014-07-09 09:32:01', 210331, 100, 'Anil', '2014-07-09 09:32:01')
  [1m[36m (101.9ms)[0m  [1mCOMMIT[0m
  [1m[35mStudent Load (0.5ms)[0m  SELECT `students`.* FROM `students`
  [1m[36mCollage Load (0.4ms)[0m  [1mSELECT `collages`.* FROM `collages`[0m
  [1m[35mStudent Load (0.6ms)[0m  SELECT `students`.* FROM `students` ORDER BY `students`.`id` ASC LIMIT 1
  [1m[36mCollage Load (0.3ms)[0m  [1mSELECT `collages`.* FROM `collages` ORDER BY `collages`.`id` ASC LIMIT 1[0m
  [1m[35mCollage Load (0.3ms)[0m  SELECT `collages`.* FROM `collages` ORDER BY `collages`.`id` ASC LIMIT 1
  [1m[36mStudent Load (0.6ms)[0m  [1mSELECT `students`.* FROM `students` WHERE `students`.`collage_id` = 1[0m
  [1m[35mStudent Load (0.3ms)[0m  SELECT `students`.* FROM `students` ORDER BY `students`.`id` ASC LIMIT 1
  [1m[36mCollage Load (0.4ms)[0m  [1mSELECT `collages`.* FROM `collages` ORDER BY `collages`.`id` ASC LIMIT 1[0m
  [1m[35m (0.3ms)[0m  BEGIN
  [1m[36mSQL (0.5ms)[0m  [1mINSERT INTO `collages` (`cname`, `created_at`, `updated_at`) VALUES ('Anil Collage', '2014-07-09 09:42:34', '2014-07-09 09:42:34')[0m
  [1m[35m (96.1ms)[0m  COMMIT
  [1m[36m (0.3ms)[0m  [1mBEGIN[0m
  [1m[35m (0.2ms)[0m  COMMIT
  [1m[36m (0.3ms)[0m  [1mBEGIN[0m
  [1m[35mSQL (0.3ms)[0m  INSERT INTO `students` (`created_at`, `sname`, `updated_at`) VALUES ('2014-07-09 09:43:53', 'Anil Student', '2014-07-09 09:43:53')
  [1m[36m (99.8ms)[0m  [1mCOMMIT[0m
  [1m[35m (0.3ms)[0m  BEGIN
  [1m[36mSQL (0.4ms)[0m  [1mINSERT INTO `students` (`collage_id`, `created_at`, `sname`, `updated_at`) VALUES (5, '2014-07-09 09:44:46', 'Anil Student', '2014-07-09 09:44:46')[0m
  [1m[35m (110.5ms)[0m  COMMIT
  [1m[36m (0.2ms)[0m  [1mBEGIN[0m
  [1m[35m (0.1ms)[0m  ROLLBACK
  [1m[36mStudent Load (0.4ms)[0m  [1mSELECT `students`.* FROM `students` ORDER BY `students`.`id` DESC LIMIT 1[0m
  [1m[35m (0.3ms)[0m  BEGIN
  [1m[36mSQL (0.5ms)[0m  [1mINSERT INTO `students` (`created_at`, `sname`, `updated_at`) VALUES ('2014-07-09 09:49:47', 'dsf', '2014-07-09 09:49:47')[0m
  [1m[35m (82.1ms)[0m  COMMIT
  [1m[36mStudent Load (0.5ms)[0m  [1mSELECT `students`.* FROM `students` ORDER BY `students`.`id` DESC LIMIT 1[0m
  [1m[35mStudent Load (0.3ms)[0m  SELECT `students`.* FROM `students` ORDER BY `students`.`id` DESC LIMIT 1
  [1m[36mActiveRecord::SchemaMigration Load (0.2ms)[0m  [1mSELECT `schema_migrations`.* FROM `schema_migrations`[0m
  [1m[35mActiveRecord::SchemaMigration Load (0.1ms)[0m  SELECT `schema_migrations`.* FROM `schema_migrations`
  [1m[36m (0.2ms)[0m  [1mSELECT version FROM schema_migrations[0m


Started GET "/" for 127.0.0.1 at 2014-07-09 16:28:17 +0530
  [1m[36mActiveRecord::SchemaMigration Load (0.1ms)[0m  [1mSELECT `schema_migrations`.* FROM `schema_migrations`[0m

ActionController::RoutingError (uninitialized constant StudentController):
  activesupport (4.0.2) lib/active_support/inflector/methods.rb:226:in `const_get'
  activesupport (4.0.2) lib/active_support/inflector/methods.rb:226:in `block in constantize'
  activesupport (4.0.2) lib/active_support/inflector/methods.rb:224:in `each'
  activesupport (4.0.2) lib/active_support/inflector/methods.rb:224:in `inject'
  activesupport (4.0.2) lib/active_support/inflector/methods.rb:224:in `constantize'
  actionpack (4.0.2) lib/action_dispatch/routing/route_set.rb:76:in `controller_reference'
  actionpack (4.0.2) lib/action_dispatch/routing/route_set.rb:66:in `controller'
  actionpack (4.0.2) lib/action_dispatch/routing/route_set.rb:44:in `call'
  actionpack (4.0.2) lib/action_dispatch/journey/router.rb:71:in `block in call'
  actionpack (4.0.2) lib/action_dispatch/journey/router.rb:59:in `each'
  actionpack (4.0.2) lib/action_dispatch/journey/router.rb:59:in `call'
  actionpack (4.0.2) lib/action_dispatch/routing/route_set.rb:680:in `call'
  rack (1.5.2) lib/rack/etag.rb:23:in `call'
  rack (1.5.2) lib/rack/conditionalget.rb:25:in `call'
  rack (1.5.2) lib/rack/head.rb:11:in `call'
  actionpack (4.0.2) lib/action_dispatch/middleware/params_parser.rb:27:in `call'
  actionpack (4.0.2) lib/action_dispatch/middleware/flash.rb:241:in `call'
  rack (1.5.2) lib/rack/session/abstract/id.rb:225:in `context'
  rack (1.5.2) lib/rack/session/abstract/id.rb:220:in `call'
  actionpack (4.0.2) lib/action_dispatch/middleware/cookies.rb:486:in `call'
  activerecord (4.0.2) lib/active_record/query_cache.rb:36:in `call'
  activerecord (4.0.2) lib/active_record/connection_adapters/abstract/connection_pool.rb:626:in `call'
  activerecord (4.0.2) lib/active_record/migration.rb:369:in `call'
  actionpack (4.0.2) lib/action_dispatch/middleware/callbacks.rb:29:in `block in call'
  activesupport (4.0.2) lib/active_support/callbacks.rb:373:in `_run__4041649207517785788__call__callbacks'
  activesupport (4.0.2) lib/active_support/callbacks.rb:80:in `run_callbacks'
  actionpack (4.0.2) lib/action_dispatch/middleware/callbacks.rb:27:in `call'
  actionpack (4.0.2) lib/action_dispatch/middleware/reloader.rb:64:in `call'
  actionpack (4.0.2) lib/action_dispatch/middleware/remote_ip.rb:76:in `call'
  actionpack (4.0.2) lib/action_dispatch/middleware/debug_exceptions.rb:17:in `call'
  actionpack (4.0.2) lib/action_dispatch/middleware/show_exceptions.rb:30:in `call'
  railties (4.0.2) lib/rails/rack/logger.rb:38:in `call_app'
  railties (4.0.2) lib/rails/rack/logger.rb:20:in `block in call'
  activesupport (4.0.2) lib/active_support/tagged_logging.rb:67:in `block in tagged'
  activesupport (4.0.2) lib/active_support/tagged_logging.rb:25:in `tagged'
  activesupport (4.0.2) lib/active_support/tagged_logging.rb:67:in `tagged'
  railties (4.0.2) lib/rails/rack/logger.rb:20:in `call'
  actionpack (4.0.2) lib/action_dispatch/middleware/request_id.rb:21:in `call'
  rack (1.5.2) lib/rack/methodoverride.rb:21:in `call'
  rack (1.5.2) lib/rack/runtime.rb:17:in `call'
  activesupport (4.0.2) lib/active_support/cache/strategy/local_cache.rb:83:in `call'
  rack (1.5.2) lib/rack/lock.rb:17:in `call'
  actionpack (4.0.2) lib/action_dispatch/middleware/static.rb:64:in `call'
  rack (1.5.2) lib/rack/sendfile.rb:112:in `call'
  railties (4.0.2) lib/rails/engine.rb:511:in `call'
  railties (4.0.2) lib/rails/application.rb:97:in `call'
  rack (1.5.2) lib/rack/lock.rb:17:in `call'
  rack (1.5.2) lib/rack/content_length.rb:14:in `call'
  rack (1.5.2) lib/rack/handler/webrick.rb:60:in `service'
  /home/nmora/.rvm/rubies/ruby-2.0.0-p481/lib/ruby/2.0.0/webrick/httpserver.rb:138:in `service'
  /home/nmora/.rvm/rubies/ruby-2.0.0-p481/lib/ruby/2.0.0/webrick/httpserver.rb:94:in `run'
  /home/nmora/.rvm/rubies/ruby-2.0.0-p481/lib/ruby/2.0.0/webrick/server.rb:295:in `block in start_thread'


  Rendered /home/nmora/.rvm/gems/ruby-2.0.0-p481/gems/actionpack-4.0.2/lib/action_dispatch/middleware/templates/rescues/_trace.erb (1.0ms)
  Rendered /home/nmora/.rvm/gems/ruby-2.0.0-p481/gems/actionpack-4.0.2/lib/action_dispatch/middleware/templates/routes/_route.html.erb (1.5ms)
  Rendered /home/nmora/.rvm/gems/ruby-2.0.0-p481/gems/actionpack-4.0.2/lib/action_dispatch/middleware/templates/routes/_table.html.erb (16.0ms)
  Rendered /home/nmora/.rvm/gems/ruby-2.0.0-p481/gems/actionpack-4.0.2/lib/action_dispatch/middleware/templates/rescues/routing_error.erb within rescues/layout (53.1ms)


Started GET "/student/index" for 127.0.0.1 at 2014-07-09 16:28:56 +0530

ActionController::RoutingError (No route matches [GET] "/student/index"):
  actionpack (4.0.2) lib/action_dispatch/middleware/debug_exceptions.rb:21:in `call'
  actionpack (4.0.2) lib/action_dispatch/middleware/show_exceptions.rb:30:in `call'
  railties (4.0.2) lib/rails/rack/logger.rb:38:in `call_app'
  railties (4.0.2) lib/rails/rack/logger.rb:20:in `block in call'
  activesupport (4.0.2) lib/active_support/tagged_logging.rb:67:in `block in tagged'
  activesupport (4.0.2) lib/active_support/tagged_logging.rb:25:in `tagged'
  activesupport (4.0.2) lib/active_support/tagged_logging.rb:67:in `tagged'
  railties (4.0.2) lib/rails/rack/logger.rb:20:in `call'
  actionpack (4.0.2) lib/action_dispatch/middleware/request_id.rb:21:in `call'
  rack (1.5.2) lib/rack/methodoverride.rb:21:in `call'
  rack (1.5.2) lib/rack/runtime.rb:17:in `call'
  activesupport (4.0.2) lib/active_support/cache/strategy/local_cache.rb:83:in `call'
  rack (1.5.2) lib/rack/lock.rb:17:in `call'
  actionpack (4.0.2) lib/action_dispatch/middleware/static.rb:64:in `call'
  rack (1.5.2) lib/rack/sendfile.rb:112:in `call'
  railties (4.0.2) lib/rails/engine.rb:511:in `call'
  railties (4.0.2) lib/rails/application.rb:97:in `call'
  rack (1.5.2) lib/rack/lock.rb:17:in `call'
  rack (1.5.2) lib/rack/content_length.rb:14:in `call'
  rack (1.5.2) lib/rack/handler/webrick.rb:60:in `service'
  /home/nmora/.rvm/rubies/ruby-2.0.0-p481/lib/ruby/2.0.0/webrick/httpserver.rb:138:in `service'
  /home/nmora/.rvm/rubies/ruby-2.0.0-p481/lib/ruby/2.0.0/webrick/httpserver.rb:94:in `run'
  /home/nmora/.rvm/rubies/ruby-2.0.0-p481/lib/ruby/2.0.0/webrick/server.rb:295:in `block in start_thread'


  Rendered /home/nmora/.rvm/gems/ruby-2.0.0-p481/gems/actionpack-4.0.2/lib/action_dispatch/middleware/templates/rescues/_trace.erb (0.9ms)
  Rendered /home/nmora/.rvm/gems/ruby-2.0.0-p481/gems/actionpack-4.0.2/lib/action_dispatch/middleware/templates/routes/_route.html.erb (0.6ms)
  Rendered /home/nmora/.rvm/gems/ruby-2.0.0-p481/gems/actionpack-4.0.2/lib/action_dispatch/middleware/templates/routes/_table.html.erb (0.9ms)
  Rendered /home/nmora/.rvm/gems/ruby-2.0.0-p481/gems/actionpack-4.0.2/lib/action_dispatch/middleware/templates/rescues/routing_error.erb within rescues/layout (42.5ms)


Started GET "/student/show" for 127.0.0.1 at 2014-07-09 16:37:37 +0530
  [1m[36mActiveRecord::SchemaMigration Load (0.1ms)[0m  [1mSELECT `schema_migrations`.* FROM `schema_migrations`[0m

ActionController::RoutingError (No route matches [GET] "/student/show"):
  actionpack (4.0.2) lib/action_dispatch/middleware/debug_exceptions.rb:21:in `call'
  actionpack (4.0.2) lib/action_dispatch/middleware/show_exceptions.rb:30:in `call'
  railties (4.0.2) lib/rails/rack/logger.rb:38:in `call_app'
  railties (4.0.2) lib/rails/rack/logger.rb:20:in `block in call'
  activesupport (4.0.2) lib/active_support/tagged_logging.rb:67:in `block in tagged'
  activesupport (4.0.2) lib/active_support/tagged_logging.rb:25:in `tagged'
  activesupport (4.0.2) lib/active_support/tagged_logging.rb:67:in `tagged'
  railties (4.0.2) lib/rails/rack/logger.rb:20:in `call'
  actionpack (4.0.2) lib/action_dispatch/middleware/request_id.rb:21:in `call'
  rack (1.5.2) lib/rack/methodoverride.rb:21:in `call'
  rack (1.5.2) lib/rack/runtime.rb:17:in `call'
  activesupport (4.0.2) lib/active_support/cache/strategy/local_cache.rb:83:in `call'
  rack (1.5.2) lib/rack/lock.rb:17:in `call'
  actionpack (4.0.2) lib/action_dispatch/middleware/static.rb:64:in `call'
  rack (1.5.2) lib/rack/sendfile.rb:112:in `call'
  railties (4.0.2) lib/rails/engine.rb:511:in `call'
  railties (4.0.2) lib/rails/application.rb:97:in `call'
  rack (1.5.2) lib/rack/lock.rb:17:in `call'
  rack (1.5.2) lib/rack/content_length.rb:14:in `call'
  rack (1.5.2) lib/rack/handler/webrick.rb:60:in `service'
  /home/nmora/.rvm/rubies/ruby-2.0.0-p481/lib/ruby/2.0.0/webrick/httpserver.rb:138:in `service'
  /home/nmora/.rvm/rubies/ruby-2.0.0-p481/lib/ruby/2.0.0/webrick/httpserver.rb:94:in `run'
  /home/nmora/.rvm/rubies/ruby-2.0.0-p481/lib/ruby/2.0.0/webrick/server.rb:295:in `block in start_thread'


  Rendered /home/nmora/.rvm/gems/ruby-2.0.0-p481/gems/actionpack-4.0.2/lib/action_dispatch/middleware/templates/rescues/_trace.erb (0.8ms)
  Rendered /home/nmora/.rvm/gems/ruby-2.0.0-p481/gems/actionpack-4.0.2/lib/action_dispatch/middleware/templates/routes/_route.html.erb (0.6ms)
  Rendered /home/nmora/.rvm/gems/ruby-2.0.0-p481/gems/actionpack-4.0.2/lib/action_dispatch/middleware/templates/routes/_table.html.erb (2.7ms)
  Rendered /home/nmora/.rvm/gems/ruby-2.0.0-p481/gems/actionpack-4.0.2/lib/action_dispatch/middleware/templates/rescues/routing_error.erb within rescues/layout (12.9ms)


Started GET "/student/show/1" for 127.0.0.1 at 2014-07-09 16:37:43 +0530

ActionController::RoutingError (No route matches [GET] "/student/show/1"):
  actionpack (4.0.2) lib/action_dispatch/middleware/debug_exceptions.rb:21:in `call'
  actionpack (4.0.2) lib/action_dispatch/middleware/show_exceptions.rb:30:in `call'
  railties (4.0.2) lib/rails/rack/logger.rb:38:in `call_app'
  railties (4.0.2) lib/rails/rack/logger.rb:20:in `block in call'
  activesupport (4.0.2) lib/active_support/tagged_logging.rb:67:in `block in tagged'
  activesupport (4.0.2) lib/active_support/tagged_logging.rb:25:in `tagged'
  activesupport (4.0.2) lib/active_support/tagged_logging.rb:67:in `tagged'
  railties (4.0.2) lib/rails/rack/logger.rb:20:in `call'
  actionpack (4.0.2) lib/action_dispatch/middleware/request_id.rb:21:in `call'
  rack (1.5.2) lib/rack/methodoverride.rb:21:in `call'
  rack (1.5.2) lib/rack/runtime.rb:17:in `call'
  activesupport (4.0.2) lib/active_support/cache/strategy/local_cache.rb:83:in `call'
  rack (1.5.2) lib/rack/lock.rb:17:in `call'
  actionpack (4.0.2) lib/action_dispatch/middleware/static.rb:64:in `call'
  rack (1.5.2) lib/rack/sendfile.rb:112:in `call'
  railties (4.0.2) lib/rails/engine.rb:511:in `call'
  railties (4.0.2) lib/rails/application.rb:97:in `call'
  rack (1.5.2) lib/rack/lock.rb:17:in `call'
  rack (1.5.2) lib/rack/content_length.rb:14:in `call'
  rack (1.5.2) lib/rack/handler/webrick.rb:60:in `service'
  /home/nmora/.rvm/rubies/ruby-2.0.0-p481/lib/ruby/2.0.0/webrick/httpserver.rb:138:in `service'
  /home/nmora/.rvm/rubies/ruby-2.0.0-p481/lib/ruby/2.0.0/webrick/httpserver.rb:94:in `run'
  /home/nmora/.rvm/rubies/ruby-2.0.0-p481/lib/ruby/2.0.0/webrick/server.rb:295:in `block in start_thread'


  Rendered /home/nmora/.rvm/gems/ruby-2.0.0-p481/gems/actionpack-4.0.2/lib/action_dispatch/middleware/templates/rescues/_trace.erb (0.8ms)
  Rendered /home/nmora/.rvm/gems/ruby-2.0.0-p481/gems/actionpack-4.0.2/lib/action_dispatch/middleware/templates/routes/_route.html.erb (0.8ms)
  Rendered /home/nmora/.rvm/gems/ruby-2.0.0-p481/gems/actionpack-4.0.2/lib/action_dispatch/middleware/templates/routes/_table.html.erb (1.1ms)
  Rendered /home/nmora/.rvm/gems/ruby-2.0.0-p481/gems/actionpack-4.0.2/lib/action_dispatch/middleware/templates/rescues/routing_error.erb within rescues/layout (10.1ms)


Started GET "/students/show/1" for 127.0.0.1 at 2014-07-09 16:38:03 +0530
Processing by StudentsController#show as HTML
  Parameters: {"id"=>"1"}
  [1m[35mStudent Load (0.4ms)[0m  SELECT `students`.* FROM `students` WHERE `students`.`id` = 1 LIMIT 1
Completed 200 OK in 12ms (Views: 0.1ms | ActiveRecord: 1.4ms)


Started GET "/students/show" for 127.0.0.1 at 2014-07-09 16:38:17 +0530
Processing by StudentsController#show as HTML
Completed 404 Not Found in 0ms

ActiveRecord::RecordNotFound (Couldn't find Student without an ID):
  app/controllers/students_controller.rb:24:in `show'


  Rendered /home/nmora/.rvm/gems/ruby-2.0.0-p481/gems/actionpack-4.0.2/lib/action_dispatch/middleware/templates/rescues/_source.erb (2.1ms)
  Rendered /home/nmora/.rvm/gems/ruby-2.0.0-p481/gems/actionpack-4.0.2/lib/action_dispatch/middleware/templates/rescues/_trace.erb (1.1ms)
  Rendered /home/nmora/.rvm/gems/ruby-2.0.0-p481/gems/actionpack-4.0.2/lib/action_dispatch/middleware/templates/rescues/_request_and_response.erb (132.0ms)
  Rendered /home/nmora/.rvm/gems/ruby-2.0.0-p481/gems/actionpack-4.0.2/lib/action_dispatch/middleware/templates/rescues/diagnostics.erb within rescues/layout (207.0ms)


Started GET "/students/show/12" for 127.0.0.1 at 2014-07-09 16:38:23 +0530
Processing by StudentsController#show as HTML
  Parameters: {"id"=>"12"}
  [1m[36mStudent Load (0.4ms)[0m  [1mSELECT `students`.* FROM `students` WHERE `students`.`id` = 12 LIMIT 1[0m
Completed 404 Not Found in 1ms

ActiveRecord::RecordNotFound (Couldn't find Student with id=12):
  app/controllers/students_controller.rb:24:in `show'


  Rendered /home/nmora/.rvm/gems/ruby-2.0.0-p481/gems/actionpack-4.0.2/lib/action_dispatch/middleware/templates/rescues/_source.erb (0.5ms)
  Rendered /home/nmora/.rvm/gems/ruby-2.0.0-p481/gems/actionpack-4.0.2/lib/action_dispatch/middleware/templates/rescues/_trace.erb (0.9ms)
  Rendered /home/nmora/.rvm/gems/ruby-2.0.0-p481/gems/actionpack-4.0.2/lib/action_dispatch/middleware/templates/rescues/_request_and_response.erb (0.8ms)
  Rendered /home/nmora/.rvm/gems/ruby-2.0.0-p481/gems/actionpack-4.0.2/lib/action_dispatch/middleware/templates/rescues/diagnostics.erb within rescues/layout (8.6ms)


Started GET "/students/show/2" for 127.0.0.1 at 2014-07-09 16:38:30 +0530
Processing by StudentsController#show as HTML
  Parameters: {"id"=>"2"}
  [1m[35mStudent Load (0.5ms)[0m  SELECT `students`.* FROM `students` WHERE `students`.`id` = 2 LIMIT 1
Completed 200 OK in 2ms (Views: 0.2ms | ActiveRecord: 0.5ms)


Started GET "/" for 127.0.0.1 at 2014-07-09 16:40:43 +0530
  [1m[36mActiveRecord::SchemaMigration Load (0.1ms)[0m  [1mSELECT `schema_migrations`.* FROM `schema_migrations`[0m
Processing by StudentsController#index as HTML
Completed 200 OK in 0ms (Views: 0.1ms | ActiveRecord: 0.0ms)


Started GET "/students/index" for 127.0.0.1 at 2014-07-09 16:41:38 +0530
Processing by StudentsController#index as HTML
Completed 200 OK in 1ms (Views: 0.2ms | ActiveRecord: 0.0ms)


Started GET "/students/edit/1" for 127.0.0.1 at 2014-07-09 16:42:04 +0530
Processing by StudentsController#edit as HTML
  Parameters: {"id"=>"1"}
  [1m[35mStudent Load (0.3ms)[0m  SELECT `students`.* FROM `students` WHERE `students`.`id` = 1 LIMIT 1
Completed 200 OK in 16ms (Views: 0.1ms | ActiveRecord: 1.4ms)


Started GET "/students/edit/1" for 127.0.0.1 at 2014-07-09 16:42:09 +0530
Processing by StudentsController#edit as HTML
  Parameters: {"id"=>"1"}
  [1m[36mStudent Load (0.2ms)[0m  [1mSELECT `students`.* FROM `students` WHERE `students`.`id` = 1 LIMIT 1[0m
Completed 200 OK in 2ms (Views: 0.1ms | ActiveRecord: 0.2ms)


Started GET "/students/edit/1" for 127.0.0.1 at 2014-07-09 16:42:41 +0530
Processing by StudentsController#edit as HTML
  Parameters: {"id"=>"1"}
  [1m[35mStudent Load (0.1ms)[0m  SELECT `students`.* FROM `students` WHERE `students`.`id` = 1 LIMIT 1
Completed 200 OK in 11ms (Views: 0.1ms | ActiveRecord: 1.1ms)


Started GET "/students/create/anil&11" for 127.0.0.1 at 2014-07-09 16:45:58 +0530
Processing by StudentsController#create as HTML
  Parameters: {"id"=>"anil&11"}
Completed 500 Internal Server Error in 9ms

NoMethodError (undefined method `name=' for #<Student:0x0000000471f2d8>):
  app/controllers/students_controller.rb:9:in `create'


  Rendered /home/nmora/.rvm/gems/ruby-2.0.0-p481/gems/actionpack-4.0.2/lib/action_dispatch/middleware/templates/rescues/_source.erb (0.6ms)
  Rendered /home/nmora/.rvm/gems/ruby-2.0.0-p481/gems/actionpack-4.0.2/lib/action_dispatch/middleware/templates/rescues/_trace.erb (1.0ms)
  Rendered /home/nmora/.rvm/gems/ruby-2.0.0-p481/gems/actionpack-4.0.2/lib/action_dispatch/middleware/templates/rescues/_request_and_response.erb (15.1ms)
  Rendered /home/nmora/.rvm/gems/ruby-2.0.0-p481/gems/actionpack-4.0.2/lib/action_dispatch/middleware/templates/rescues/diagnostics.erb within rescues/layout (24.6ms)


Started GET "/students/create/anil?11" for 127.0.0.1 at 2014-07-09 16:46:11 +0530
Processing by StudentsController#create as HTML
  Parameters: {"11"=>nil, "id"=>"anil"}
Completed 500 Internal Server Error in 1ms

NoMethodError (undefined method `name=' for #<Student:0x000000040b7ad0>):
  app/controllers/students_controller.rb:9:in `create'


  Rendered /home/nmora/.rvm/gems/ruby-2.0.0-p481/gems/actionpack-4.0.2/lib/action_dispatch/middleware/templates/rescues/_source.erb (0.6ms)
  Rendered /home/nmora/.rvm/gems/ruby-2.0.0-p481/gems/actionpack-4.0.2/lib/action_dispatch/middleware/templates/rescues/_trace.erb (1.0ms)
  Rendered /home/nmora/.rvm/gems/ruby-2.0.0-p481/gems/actionpack-4.0.2/lib/action_dispatch/middleware/templates/rescues/_request_and_response.erb (1.1ms)
  Rendered /home/nmora/.rvm/gems/ruby-2.0.0-p481/gems/actionpack-4.0.2/lib/action_dispatch/middleware/templates/rescues/diagnostics.erb within rescues/layout (11.4ms)


Started GET "/" for 127.0.0.1 at 2014-07-09 16:47:02 +0530
Processing by StudentsController#index as HTML
Completed 200 OK in 0ms (Views: 0.1ms | ActiveRecord: 0.0ms)


Started GET "/students/create/sname=ravi&smarks=21" for 127.0.0.1 at 2014-07-09 16:48:11 +0530
Processing by StudentsController#create as HTML
  Parameters: {"id"=>"sname=ravi&smarks=21"}
Completed 500 Internal Server Error in 1ms

NoMethodError (undefined method `name=' for #<Student:0x00000004293160>):
  app/controllers/students_controller.rb:9:in `create'


  Rendered /home/nmora/.rvm/gems/ruby-2.0.0-p481/gems/actionpack-4.0.2/lib/action_dispatch/middleware/templates/rescues/_source.erb (0.5ms)
  Rendered /home/nmora/.rvm/gems/ruby-2.0.0-p481/gems/actionpack-4.0.2/lib/action_dispatch/middleware/templates/rescues/_trace.erb (0.9ms)
  Rendered /home/nmora/.rvm/gems/ruby-2.0.0-p481/gems/actionpack-4.0.2/lib/action_dispatch/middleware/templates/rescues/_request_and_response.erb (0.9ms)
  Rendered /home/nmora/.rvm/gems/ruby-2.0.0-p481/gems/actionpack-4.0.2/lib/action_dispatch/middleware/templates/rescues/diagnostics.erb within rescues/layout (9.1ms)


Started GET "/students/create/sname=ravi&smarks=21" for 127.0.0.1 at 2014-07-09 16:49:32 +0530
Processing by StudentsController#create as HTML
  Parameters: {"id"=>"sname=ravi&smarks=21"}
  [1m[36m (0.2ms)[0m  [1mBEGIN[0m
  [1m[35m (0.1ms)[0m  ROLLBACK
Completed 500 Internal Server Error in 18ms

ActionView::MissingTemplate (Missing template students/new, application/new with {:locale=>[:en], :formats=>[:html], :handlers=>[:erb, :builder, :raw, :ruby]}. Searched in:
  * "/home/nmora/collage_application/app/views"
):
  app/controllers/students_controller.rb:18:in `create'


  Rendered /home/nmora/.rvm/gems/ruby-2.0.0-p481/gems/actionpack-4.0.2/lib/action_dispatch/middleware/templates/rescues/missing_template.erb within rescues/layout (0.4ms)


Started GET "/students/create?sname=ravi&smarks=21" for 127.0.0.1 at 2014-07-09 16:49:43 +0530
Processing by StudentsController#create as HTML
  Parameters: {"sname"=>"ravi", "smarks"=>"21"}
  [1m[36m (0.1ms)[0m  [1mBEGIN[0m
  [1m[35mSQL (0.3ms)[0m  INSERT INTO `students` (`created_at`, `smarks`, `sname`, `updated_at`) VALUES ('2014-07-09 11:19:43', 21, 'ravi', '2014-07-09 11:19:43')
  [1m[36m (189.6ms)[0m  [1mCOMMIT[0m
Completed 406 Not Acceptable in 195ms

ActionController::UnknownFormat (ActionController::UnknownFormat):
  app/controllers/students_controller.rb:13:in `create'


  Rendered /home/nmora/.rvm/gems/ruby-2.0.0-p481/gems/actionpack-4.0.2/lib/action_dispatch/middleware/templates/rescues/_source.erb (0.8ms)
  Rendered /home/nmora/.rvm/gems/ruby-2.0.0-p481/gems/actionpack-4.0.2/lib/action_dispatch/middleware/templates/rescues/_trace.erb (37.8ms)
  Rendered /home/nmora/.rvm/gems/ruby-2.0.0-p481/gems/actionpack-4.0.2/lib/action_dispatch/middleware/templates/rescues/_request_and_response.erb (1.0ms)
  Rendered /home/nmora/.rvm/gems/ruby-2.0.0-p481/gems/actionpack-4.0.2/lib/action_dispatch/middleware/templates/rescues/diagnostics.erb within rescues/layout (47.6ms)


Started GET "/students/create/sname=ravi&smarks=21" for 127.0.0.1 at 2014-07-09 16:50:16 +0530
Processing by StudentsController#create as HTML
  Parameters: {"id"=>"sname=ravi&smarks=21"}
  [1m[35m (0.2ms)[0m  BEGIN
  [1m[36m (0.2ms)[0m  [1mROLLBACK[0m
Completed 500 Internal Server Error in 6ms

ActionView::MissingTemplate (Missing template students/new, application/new with {:locale=>[:en], :formats=>[:html], :handlers=>[:erb, :builder, :raw, :ruby]}. Searched in:
  * "/home/nmora/collage_application/app/views"
):
  app/controllers/students_controller.rb:18:in `create'


  Rendered /home/nmora/.rvm/gems/ruby-2.0.0-p481/gems/actionpack-4.0.2/lib/action_dispatch/middleware/templates/rescues/missing_template.erb within rescues/layout (0.4ms)


Started GET "/" for 127.0.0.1 at 2014-07-09 16:53:11 +0530
Processing by StudentsController#index as HTML
Completed 200 OK in 0ms (Views: 0.1ms | ActiveRecord: 0.0ms)


Started GET "/students/create/?id=21&sname=pavan&smarks=100" for 127.0.0.1 at 2014-07-09 16:54:26 +0530
Processing by StudentsController#create as HTML
  Parameters: {"id"=>"21", "sname"=>"pavan", "smarks"=>"100"}
  [1m[35m (0.1ms)[0m  BEGIN
  [1m[36mSQL (0.4ms)[0m  [1mINSERT INTO `students` (`created_at`, `smarks`, `sname`, `updated_at`) VALUES ('2014-07-09 11:24:26', 100, 'pavan', '2014-07-09 11:24:26')[0m
  [1m[35m (183.5ms)[0m  COMMIT
Completed 406 Not Acceptable in 187ms

ActionController::UnknownFormat (ActionController::UnknownFormat):
  app/controllers/students_controller.rb:13:in `create'


  Rendered /home/nmora/.rvm/gems/ruby-2.0.0-p481/gems/actionpack-4.0.2/lib/action_dispatch/middleware/templates/rescues/_source.erb (0.6ms)
  Rendered /home/nmora/.rvm/gems/ruby-2.0.0-p481/gems/actionpack-4.0.2/lib/action_dispatch/middleware/templates/rescues/_trace.erb (0.9ms)
  Rendered /home/nmora/.rvm/gems/ruby-2.0.0-p481/gems/actionpack-4.0.2/lib/action_dispatch/middleware/templates/rescues/_request_and_response.erb (0.8ms)
  Rendered /home/nmora/.rvm/gems/ruby-2.0.0-p481/gems/actionpack-4.0.2/lib/action_dispatch/middleware/templates/rescues/diagnostics.erb within rescues/layout (10.7ms)


Started GET "/students/create?id=21&sname=pavan&smarks=100" for 127.0.0.1 at 2014-07-09 16:55:25 +0530
Processing by StudentsController#create as HTML
  Parameters: {"id"=>"21", "sname"=>"pavan", "smarks"=>"100"}
  [1m[36m (0.1ms)[0m  [1mBEGIN[0m
  [1m[35mSQL (0.4ms)[0m  INSERT INTO `students` (`created_at`, `smarks`, `sname`, `updated_at`) VALUES ('2014-07-09 11:25:25', 100, 'pavan', '2014-07-09 11:25:25')
  [1m[36m (233.8ms)[0m  [1mCOMMIT[0m
Completed 406 Not Acceptable in 238ms

ActionController::UnknownFormat (ActionController::UnknownFormat):
  app/controllers/students_controller.rb:13:in `create'


  Rendered /home/nmora/.rvm/gems/ruby-2.0.0-p481/gems/actionpack-4.0.2/lib/action_dispatch/middleware/templates/rescues/_source.erb (0.6ms)
  Rendered /home/nmora/.rvm/gems/ruby-2.0.0-p481/gems/actionpack-4.0.2/lib/action_dispatch/middleware/templates/rescues/_trace.erb (0.8ms)
  Rendered /home/nmora/.rvm/gems/ruby-2.0.0-p481/gems/actionpack-4.0.2/lib/action_dispatch/middleware/templates/rescues/_request_and_response.erb (0.8ms)
  Rendered /home/nmora/.rvm/gems/ruby-2.0.0-p481/gems/actionpack-4.0.2/lib/action_dispatch/middleware/templates/rescues/diagnostics.erb within rescues/layout (9.0ms)


Started GET "/students/create/?id=21&sname=pavan&smarks=100" for 127.0.0.1 at 2014-07-09 16:55:36 +0530
Processing by StudentsController#create as HTML
  Parameters: {"id"=>"21", "sname"=>"pavan", "smarks"=>"100"}
  [1m[35m (0.1ms)[0m  BEGIN
  [1m[36mSQL (0.2ms)[0m  [1mINSERT INTO `students` (`created_at`, `smarks`, `sname`, `updated_at`) VALUES ('2014-07-09 11:25:36', 100, 'pavan', '2014-07-09 11:25:36')[0m
  [1m[35m (198.6ms)[0m  COMMIT
Completed 406 Not Acceptable in 202ms

ActionController::UnknownFormat (ActionController::UnknownFormat):
  app/controllers/students_controller.rb:13:in `create'


  Rendered /home/nmora/.rvm/gems/ruby-2.0.0-p481/gems/actionpack-4.0.2/lib/action_dispatch/middleware/templates/rescues/_source.erb (0.5ms)
  Rendered /home/nmora/.rvm/gems/ruby-2.0.0-p481/gems/actionpack-4.0.2/lib/action_dispatch/middleware/templates/rescues/_trace.erb (0.9ms)
  Rendered /home/nmora/.rvm/gems/ruby-2.0.0-p481/gems/actionpack-4.0.2/lib/action_dispatch/middleware/templates/rescues/_request_and_response.erb (1.1ms)
  Rendered /home/nmora/.rvm/gems/ruby-2.0.0-p481/gems/actionpack-4.0.2/lib/action_dispatch/middleware/templates/rescues/diagnostics.erb within rescues/layout (10.0ms)


Started GET "/" for 127.0.0.1 at 2014-07-09 17:44:37 +0530
  [1m[36mActiveRecord::SchemaMigration Load (0.1ms)[0m  [1mSELECT `schema_migrations`.* FROM `schema_migrations`[0m
Processing by StudentsController#index as HTML
Completed 200 OK in 1ms (Views: 0.1ms | ActiveRecord: 0.0ms)


Started GET "/students/destroy/1" for 127.0.0.1 at 2014-07-09 17:44:53 +0530
Processing by StudentsController#destroy as HTML
  Parameters: {"id"=>"1"}
  [1m[35mStudent Load (0.4ms)[0m  SELECT `students`.* FROM `students` WHERE `students`.`id` = 1 LIMIT 1
  [1m[36mStudent Load (0.3ms)[0m  [1mSELECT `students`.* FROM `students` WHERE `students`.`id` = 1 LIMIT 1[0m
  [1m[35m (0.1ms)[0m  BEGIN
  [1m[36mSQL (0.3ms)[0m  [1mDELETE FROM `students` WHERE `students`.`id` = 1[0m
  [1m[35m (188.3ms)[0m  COMMIT
Completed 406 Not Acceptable in 223ms

ActionController::UnknownFormat (ActionController::UnknownFormat):
  app/controllers/students_controller.rb:51:in `destroy'


  Rendered /home/nmora/.rvm/gems/ruby-2.0.0-p481/gems/actionpack-4.0.2/lib/action_dispatch/middleware/templates/rescues/_source.erb (0.5ms)
  Rendered /home/nmora/.rvm/gems/ruby-2.0.0-p481/gems/actionpack-4.0.2/lib/action_dispatch/middleware/templates/rescues/_trace.erb (0.9ms)
  Rendered /home/nmora/.rvm/gems/ruby-2.0.0-p481/gems/actionpack-4.0.2/lib/action_dispatch/middleware/templates/rescues/_request_and_response.erb (0.8ms)
  Rendered /home/nmora/.rvm/gems/ruby-2.0.0-p481/gems/actionpack-4.0.2/lib/action_dispatch/middleware/templates/rescues/diagnostics.erb within rescues/layout (9.5ms)


Started GET "/" for 127.0.0.1 at 2014-07-09 18:50:03 +0530
  [1m[36mActiveRecord::SchemaMigration Load (0.2ms)[0m  [1mSELECT `schema_migrations`.* FROM `schema_migrations`[0m
Processing by StudentsController#index as HTML
Completed 200 OK in 1ms (Views: 0.1ms | ActiveRecord: 0.0ms)


Started GET "/students/create/sname=ravi&smarks=21" for 127.0.0.1 at 2014-07-09 18:51:03 +0530
Processing by StudentsController#create as HTML
  Parameters: {"id"=>"sname=ravi&smarks=21"}
  [1m[35m (0.2ms)[0m  BEGIN
  [1m[36m (0.2ms)[0m  [1mROLLBACK[0m
Completed 500 Internal Server Error in 36ms

ActionView::MissingTemplate (Missing template students/new, application/new with {:locale=>[:en], :formats=>[:html], :handlers=>[:erb, :builder, :raw, :ruby]}. Searched in:
  * "/home/nmora/collage_application/app/views"
):
  app/controllers/students_controller.rb:30:in `block in create'
  app/controllers/students_controller.rb:20:in `create'


  Rendered /home/nmora/.rvm/gems/ruby-2.0.0-p481/gems/actionpack-4.0.2/lib/action_dispatch/middleware/templates/rescues/missing_template.erb within rescues/layout (1.0ms)


Started GET "/students" for 127.0.0.1 at 2014-07-09 18:51:09 +0530
Processing by StudentsController#index as HTML
Completed 200 OK in 1ms (Views: 0.1ms | ActiveRecord: 0.0ms)


Started GET "/students/index" for 127.0.0.1 at 2014-07-09 18:51:14 +0530
Processing by StudentsController#index as HTML
Completed 200 OK in 0ms (Views: 0.1ms | ActiveRecord: 0.0ms)


Started GET "/students/create" for 127.0.0.1 at 2014-07-09 18:51:24 +0530
Processing by StudentsController#create as HTML
  [1m[35m (0.1ms)[0m  BEGIN
  [1m[36m (0.1ms)[0m  [1mROLLBACK[0m
Completed 500 Internal Server Error in 3ms

ActionView::MissingTemplate (Missing template students/new, application/new with {:locale=>[:en], :formats=>[:html], :handlers=>[:erb, :builder, :raw, :ruby]}. Searched in:
  * "/home/nmora/collage_application/app/views"
):
  app/controllers/students_controller.rb:30:in `block in create'
  app/controllers/students_controller.rb:20:in `create'


  Rendered /home/nmora/.rvm/gems/ruby-2.0.0-p481/gems/actionpack-4.0.2/lib/action_dispatch/middleware/templates/rescues/missing_template.erb within rescues/layout (0.4ms)


Started GET "/students/create/1" for 127.0.0.1 at 2014-07-09 18:51:37 +0530
Processing by StudentsController#create as HTML
  Parameters: {"id"=>"1"}
  [1m[35m (0.1ms)[0m  BEGIN
  [1m[36m (0.1ms)[0m  [1mROLLBACK[0m
Completed 500 Internal Server Error in 3ms

ActionView::MissingTemplate (Missing template students/new, application/new with {:locale=>[:en], :formats=>[:html], :handlers=>[:erb, :builder, :raw, :ruby]}. Searched in:
  * "/home/nmora/collage_application/app/views"
):
  app/controllers/students_controller.rb:30:in `block in create'
  app/controllers/students_controller.rb:20:in `create'


  Rendered /home/nmora/.rvm/gems/ruby-2.0.0-p481/gems/actionpack-4.0.2/lib/action_dispatch/middleware/templates/rescues/missing_template.erb within rescues/layout (0.4ms)
